<?xml version="1.0" encoding="UTF-8"?>
<testng-results ignored="0" total="2" passed="2" failed="0" skipped="0">
  <reporter-output>
    <line>
      <![CDATA[Setting up reports and Test is getting ready]]>
    </line>
    <line>
      <![CDATA[Settings Done-Test can be started]]>
    </line>
    <line>
      <![CDATA[trying to start Browser and getting application ready]]>
    </line>
    <line>
      <![CDATA[Browser and application up and running]]>
    </line>
    <line>
      <![CDATA[Test is about to end]]>
    </line>
    <line>
      <![CDATA[Test Completed >>> Reports generated]]>
    </line>
    <line>
      <![CDATA[Test is about to end]]>
    </line>
    <line>
      <![CDATA[Test Completed >>> Reports generated]]>
    </line>
  </reporter-output>
  <suite started-at="2025-09-07T23:52:59 IST" name="Suite" finished-at="2025-09-07T23:53:16 IST" duration-ms="17250">
    <groups>
    </groups>
    <test started-at="2025-09-07T23:52:59 IST" name="Test" finished-at="2025-09-07T23:53:16 IST" duration-ms="17250">
      <class name="com.learnautomation.testcases.TestCaseWithFramework">
        <test-method is-config="true" signature="setUpSuite()[pri:0, instance:com.learnautomation.testcases.TestCaseWithFramework@2d901eb0]" started-at="2025-09-07T23:52:58 IST" name="setUpSuite" finished-at="2025-09-07T23:52:59 IST" duration-ms="1066" status="PASS">
          <reporter-output>
            <line>
              <![CDATA[Setting up reports and Test is getting ready]]>
            </line>
            <line>
              <![CDATA[Settings Done-Test can be started]]>
            </line>
          </reporter-output>
        </test-method> <!-- setUpSuite -->
        <test-method is-config="true" signature="setup()[pri:0, instance:com.learnautomation.testcases.TestCaseWithFramework@2d901eb0]" started-at="2025-09-07T23:52:59 IST" name="setup" finished-at="2025-09-07T23:53:09 IST" duration-ms="10039" status="PASS">
          <reporter-output>
            <line>
              <![CDATA[trying to start Browser and getting application ready]]>
            </line>
            <line>
              <![CDATA[Browser and application up and running]]>
            </line>
          </reporter-output>
        </test-method> <!-- setup -->
        <test-method signature="test1()[pri:1, instance:com.learnautomation.testcases.TestCaseWithFramework@2d901eb0]" started-at="2025-09-07T23:53:09 IST" name="test1" finished-at="2025-09-07T23:53:14 IST" duration-ms="5109" status="PASS">
          <reporter-output>
          </reporter-output>
        </test-method> <!-- test1 -->
        <test-method is-config="true" signature="tearDownMethod(org.testng.ITestResult)[pri:0, instance:com.learnautomation.testcases.TestCaseWithFramework@2d901eb0]" started-at="2025-09-07T23:53:14 IST" name="tearDownMethod" finished-at="2025-09-07T23:53:15 IST" duration-ms="895" status="PASS">
          <params>
            <param index="0">
              <value>
                <![CDATA[[TestResult name=test1 status=SUCCESS method=TestCaseWithFramework.test1()[pri:1, instance:com.learnautomation.testcases.TestCaseWithFramework@2d901eb0] output={null}]]]>
              </value>
            </param>
          </params>
          <reporter-output>
            <line>
              <![CDATA[Test is about to end]]>
            </line>
            <line>
              <![CDATA[Test Completed >>> Reports generated]]>
            </line>
          </reporter-output>
        </test-method> <!-- tearDownMethod -->
        <test-method signature="test2()[pri:2, instance:com.learnautomation.testcases.TestCaseWithFramework@2d901eb0]" started-at="2025-09-07T23:53:15 IST" name="test2" finished-at="2025-09-07T23:53:15 IST" duration-ms="2" status="PASS">
          <reporter-output>
          </reporter-output>
        </test-method> <!-- test2 -->
        <test-method is-config="true" signature="tearDownMethod(org.testng.ITestResult)[pri:0, instance:com.learnautomation.testcases.TestCaseWithFramework@2d901eb0]" started-at="2025-09-07T23:53:15 IST" name="tearDownMethod" finished-at="2025-09-07T23:53:16 IST" duration-ms="220" status="PASS">
          <params>
            <param index="0">
              <value>
                <![CDATA[[TestResult name=test2 status=SUCCESS method=TestCaseWithFramework.test2()[pri:2, instance:com.learnautomation.testcases.TestCaseWithFramework@2d901eb0] output={null}]]]>
              </value>
            </param>
          </params>
          <reporter-output>
            <line>
              <![CDATA[Test is about to end]]>
            </line>
            <line>
              <![CDATA[Test Completed >>> Reports generated]]>
            </line>
          </reporter-output>
        </test-method> <!-- tearDownMethod -->
        <test-method is-config="true" signature="tearDwon()[pri:0, instance:com.learnautomation.testcases.TestCaseWithFramework@2d901eb0]" started-at="2025-09-07T23:53:16 IST" name="tearDwon" finished-at="2025-09-07T23:53:16 IST" duration-ms="906" status="PASS">
          <reporter-output>
          </reporter-output>
        </test-method> <!-- tearDwon -->
      </class> <!-- com.learnautomation.testcases.TestCaseWithFramework -->
    </test> <!-- Test -->
  </suite> <!-- Suite -->
</testng-results>
